This file contains any messages produced by compilers while
running configure, to aid debugging if configure makes a mistake.

It was created by founsure configure 1.0, which was
generated by GNU Autoconf 2.69.  Invocation command line was

  $ ./configure 

## --------- ##
## Platform. ##
## --------- ##

hostname = mefnode01.mefedu.local
uname -m = x86_64
uname -r = 3.10.0-957.12.2.el7.x86_64
uname -s = Linux
uname -v = #1 SMP Tue May 14 21:24:32 UTC 2019

/usr/bin/uname -p = x86_64
/bin/uname -X     = unknown

/bin/arch              = x86_64
/usr/bin/arch -k       = unknown
/usr/convex/getsysinfo = unknown
/usr/bin/hostinfo      = unknown
/bin/machine           = unknown
/usr/bin/oslevel       = unknown
/bin/universe          = unknown

PATH: /usr/local/bin
PATH: /usr/local/sbin
PATH: /usr/local/bin
PATH: /usr/sbin
PATH: /usr/bin
PATH: /root/bin


## ----------- ##
## Core tests. ##
## ----------- ##

configure:2444: checking for a BSD-compatible install
configure:2512: result: /usr/bin/install -c
configure:2523: checking whether build environment is sane
configure:2578: result: yes
configure:2729: checking for a thread-safe mkdir -p
configure:2768: result: /usr/bin/mkdir -p
configure:2775: checking for gawk
configure:2791: found /usr/bin/gawk
configure:2802: result: gawk
configure:2813: checking whether make sets $(MAKE)
configure:2835: result: yes
configure:2864: checking whether make supports nested variables
configure:2881: result: yes
configure:3037: checking build system type
configure:3051: result: x86_64-unknown-linux-gnu
configure:3071: checking host system type
configure:3084: result: x86_64-unknown-linux-gnu
configure:3125: checking how to print strings
configure:3152: result: printf
configure:3185: checking for style of include used by make
configure:3213: result: GNU
configure:3284: checking for gcc
configure:3300: found /usr/local/bin/gcc
configure:3311: result: gcc
configure:3540: checking for C compiler version
configure:3549: gcc --version >&5
gcc (GCC) 4.9.2
Copyright (C) 2014 Free Software Foundation, Inc.
This is free software; see the source for copying conditions.  There is NO
warranty; not even for MERCHANTABILITY or FITNESS FOR A PARTICULAR PURPOSE.

configure:3560: $? = 0
configure:3549: gcc -v >&5
Using built-in specs.
COLLECT_GCC=gcc
COLLECT_LTO_WRAPPER=/usr/local/libexec/gcc/x86_64-unknown-linux-gnu/4.9.2/lto-wrapper
Target: x86_64-unknown-linux-gnu
Configured with: ./configure --disable-multilib --enable-languages=c,c++
Thread model: posix
gcc version 4.9.2 (GCC) 
configure:3560: $? = 0
configure:3549: gcc -V >&5
gcc: error: unrecognized command line option '-V'
gcc: fatal error: no input files
compilation terminated.
configure:3560: $? = 1
configure:3549: gcc -qversion >&5
gcc: error: unrecognized command line option '-qversion'
gcc: fatal error: no input files
compilation terminated.
configure:3560: $? = 1
configure:3580: checking whether the C compiler works
configure:3602: gcc    conftest.c  >&5
configure:3606: $? = 0
configure:3654: result: yes
configure:3657: checking for C compiler default output file name
configure:3659: result: a.out
configure:3665: checking for suffix of executables
configure:3672: gcc -o conftest    conftest.c  >&5
configure:3676: $? = 0
configure:3698: result: 
configure:3720: checking whether we are cross compiling
configure:3728: gcc -o conftest    conftest.c  >&5
configure:3732: $? = 0
configure:3739: ./conftest
configure:3743: $? = 0
configure:3758: result: no
configure:3763: checking for suffix of object files
configure:3785: gcc -c   conftest.c >&5
configure:3789: $? = 0
configure:3810: result: o
configure:3814: checking whether we are using the GNU C compiler
configure:3833: gcc -c   conftest.c >&5
configure:3833: $? = 0
configure:3842: result: yes
configure:3851: checking whether gcc accepts -g
configure:3871: gcc -c -g  conftest.c >&5
configure:3871: $? = 0
configure:3912: result: yes
configure:3929: checking for gcc option to accept ISO C89
configure:3992: gcc  -c -g -O2  conftest.c >&5
configure:3992: $? = 0
configure:4005: result: none needed
configure:4030: checking whether gcc understands -c and -o together
configure:4052: gcc -c conftest.c -o conftest2.o
configure:4055: $? = 0
configure:4052: gcc -c conftest.c -o conftest2.o
configure:4055: $? = 0
configure:4067: result: yes
configure:4086: checking dependency style of gcc
configure:4197: result: gcc3
configure:4212: checking for a sed that does not truncate output
configure:4276: result: /usr/bin/sed
configure:4294: checking for grep that handles long lines and -e
configure:4352: result: /usr/bin/grep
configure:4357: checking for egrep
configure:4419: result: /usr/bin/grep -E
configure:4424: checking for fgrep
configure:4486: result: /usr/bin/grep -F
configure:4521: checking for ld used by gcc
configure:4588: result: /usr/bin/ld
configure:4595: checking if the linker (/usr/bin/ld) is GNU ld
configure:4610: result: yes
configure:4622: checking for BSD- or MS-compatible name lister (nm)
configure:4671: result: /usr/bin/nm -B
configure:4801: checking the name lister (/usr/bin/nm -B) interface
configure:4808: gcc -c -g -O2  conftest.c >&5
configure:4811: /usr/bin/nm -B "conftest.o"
configure:4814: output
0000000000000000 B some_variable
configure:4821: result: BSD nm
configure:4824: checking whether ln -s works
configure:4828: result: yes
configure:4836: checking the maximum length of command line arguments
configure:4967: result: 1572864
configure:4984: checking whether the shell understands some XSI constructs
configure:4994: result: yes
configure:4998: checking whether the shell understands "+="
configure:5004: result: yes
configure:5039: checking how to convert x86_64-unknown-linux-gnu file names to x86_64-unknown-linux-gnu format
configure:5079: result: func_convert_file_noop
configure:5086: checking how to convert x86_64-unknown-linux-gnu file names to toolchain format
configure:5106: result: func_convert_file_noop
configure:5113: checking for /usr/bin/ld option to reload object files
configure:5120: result: -r
configure:5194: checking for objdump
configure:5210: found /usr/bin/objdump
configure:5221: result: objdump
configure:5253: checking how to recognize dependent libraries
configure:5451: result: pass_all
configure:5536: checking for dlltool
configure:5566: result: no
configure:5596: checking how to associate runtime and link libraries
configure:5623: result: printf %s\n
configure:5684: checking for ar
configure:5700: found /usr/bin/ar
configure:5711: result: ar
configure:5748: checking for archiver @FILE support
configure:5765: gcc -c -g -O2  conftest.c >&5
configure:5765: $? = 0
configure:5768: ar cru libconftest.a @conftest.lst >&5
configure:5771: $? = 0
configure:5776: ar cru libconftest.a @conftest.lst >&5
ar: conftest.o: No such file or directory
configure:5779: $? = 1
configure:5791: result: @
configure:5849: checking for strip
configure:5865: found /usr/bin/strip
configure:5876: result: strip
configure:5948: checking for ranlib
configure:5964: found /usr/bin/ranlib
configure:5975: result: ranlib
configure:6077: checking command to parse /usr/bin/nm -B output from gcc object
configure:6197: gcc -c -g -O2  conftest.c >&5
configure:6200: $? = 0
configure:6204: /usr/bin/nm -B conftest.o \| sed -n -e 's/^.*[ ]\([ABCDGIRSTW][ABCDGIRSTW]*\)[ ][ ]*\([_A-Za-z][_A-Za-z0-9]*\)$/\1 \2 \2/p' | sed '/ __gnu_lto/d' \> conftest.nm
configure:6207: $? = 0
configure:6273: gcc -o conftest -g -O2   conftest.c conftstm.o >&5
configure:6276: $? = 0
configure:6314: result: ok
configure:6351: checking for sysroot
configure:6381: result: no
configure:6458: gcc -c -g -O2  conftest.c >&5
configure:6461: $? = 0
configure:6650: checking for mt
configure:6680: result: no
configure:6700: checking if : is a manifest tool
configure:6706: : '-?'
configure:6714: result: no
configure:7356: checking how to run the C preprocessor
configure:7387: gcc -E  conftest.c
configure:7387: $? = 0
configure:7401: gcc -E  conftest.c
conftest.c:11:28: fatal error: ac_nonexistent.h: No such file or directory
 #include <ac_nonexistent.h>
                            ^
compilation terminated.
configure:7401: $? = 1
configure: failed program was:
| /* confdefs.h */
| #define PACKAGE_NAME "founsure"
| #define PACKAGE_TARNAME "founsure"
| #define PACKAGE_VERSION "1.0"
| #define PACKAGE_STRING "founsure 1.0"
| #define PACKAGE_BUGREPORT "arslans@mef.edu.tr"
| #define PACKAGE_URL "http://suaybarslan.com/founsure"
| #define PACKAGE "founsure"
| #define VERSION "1.0"
| /* end confdefs.h.  */
| #include <ac_nonexistent.h>
configure:7426: result: gcc -E
configure:7446: gcc -E  conftest.c
configure:7446: $? = 0
configure:7460: gcc -E  conftest.c
conftest.c:11:28: fatal error: ac_nonexistent.h: No such file or directory
 #include <ac_nonexistent.h>
                            ^
compilation terminated.
configure:7460: $? = 1
configure: failed program was:
| /* confdefs.h */
| #define PACKAGE_NAME "founsure"
| #define PACKAGE_TARNAME "founsure"
| #define PACKAGE_VERSION "1.0"
| #define PACKAGE_STRING "founsure 1.0"
| #define PACKAGE_BUGREPORT "arslans@mef.edu.tr"
| #define PACKAGE_URL "http://suaybarslan.com/founsure"
| #define PACKAGE "founsure"
| #define VERSION "1.0"
| /* end confdefs.h.  */
| #include <ac_nonexistent.h>
configure:7489: checking for ANSI C header files
configure:7509: gcc -c -g -O2  conftest.c >&5
configure:7509: $? = 0
configure:7582: gcc -o conftest -g -O2   conftest.c  >&5
configure:7582: $? = 0
configure:7582: ./conftest
configure:7582: $? = 0
configure:7593: result: yes
configure:7606: checking for sys/types.h
configure:7606: gcc -c -g -O2  conftest.c >&5
configure:7606: $? = 0
configure:7606: result: yes
configure:7606: checking for sys/stat.h
configure:7606: gcc -c -g -O2  conftest.c >&5
configure:7606: $? = 0
configure:7606: result: yes
configure:7606: checking for stdlib.h
configure:7606: gcc -c -g -O2  conftest.c >&5
configure:7606: $? = 0
configure:7606: result: yes
configure:7606: checking for string.h
configure:7606: gcc -c -g -O2  conftest.c >&5
configure:7606: $? = 0
configure:7606: result: yes
configure:7606: checking for memory.h
configure:7606: gcc -c -g -O2  conftest.c >&5
configure:7606: $? = 0
configure:7606: result: yes
configure:7606: checking for strings.h
configure:7606: gcc -c -g -O2  conftest.c >&5
configure:7606: $? = 0
configure:7606: result: yes
configure:7606: checking for inttypes.h
configure:7606: gcc -c -g -O2  conftest.c >&5
configure:7606: $? = 0
configure:7606: result: yes
configure:7606: checking for stdint.h
configure:7606: gcc -c -g -O2  conftest.c >&5
configure:7606: $? = 0
configure:7606: result: yes
configure:7606: checking for unistd.h
configure:7606: gcc -c -g -O2  conftest.c >&5
configure:7606: $? = 0
configure:7606: result: yes
configure:7620: checking for dlfcn.h
configure:7620: gcc -c -g -O2  conftest.c >&5
configure:7620: $? = 0
configure:7620: result: yes
configure:7825: checking for objdir
configure:7840: result: .libs
configure:8111: checking if gcc supports -fno-rtti -fno-exceptions
configure:8129: gcc -c -g -O2  -fno-rtti -fno-exceptions conftest.c >&5
cc1: warning: command line option '-fno-rtti' is valid for C++/ObjC++ but not for C
configure:8133: $? = 0
configure:8146: result: no
configure:8473: checking for gcc option to produce PIC
configure:8480: result: -fPIC -DPIC
configure:8488: checking if gcc PIC flag -fPIC -DPIC works
configure:8506: gcc -c -g -O2  -fPIC -DPIC -DPIC conftest.c >&5
configure:8510: $? = 0
configure:8523: result: yes
configure:8552: checking if gcc static flag -static works
configure:8580: result: no
configure:8595: checking if gcc supports -c -o file.o
configure:8616: gcc -c -g -O2  -o out/conftest2.o conftest.c >&5
configure:8620: $? = 0
configure:8642: result: yes
configure:8650: checking if gcc supports -c -o file.o
configure:8697: result: yes
configure:8730: checking whether the gcc linker (/usr/bin/ld -m elf_x86_64) supports shared libraries
configure:9887: result: yes
configure:9924: checking whether -lc should be explicitly linked in
configure:9932: gcc -c -g -O2  conftest.c >&5
configure:9935: $? = 0
configure:9950: gcc -shared  -fPIC -DPIC conftest.o  -v -Wl,-soname -Wl,conftest -o conftest 2\>\&1 \| /usr/bin/grep  -lc  \>/dev/null 2\>\&1
configure:9953: $? = 0
configure:9967: result: no
configure:10127: checking dynamic linker characteristics
configure:10627: gcc -o conftest -g -O2   -Wl,-rpath -Wl,/foo conftest.c  >&5
configure:10627: $? = 0
configure:10861: result: GNU/Linux ld.so
configure:10968: checking how to hardcode library paths into programs
configure:10993: result: immediate
configure:11533: checking whether stripping libraries is possible
configure:11538: result: yes
configure:11573: checking if libtool supports shared libraries
configure:11575: result: yes
configure:11578: checking whether to build shared libraries
configure:11599: result: yes
configure:11602: checking whether to build static libraries
configure:11606: result: no
configure:11693: checking for gcc
configure:11720: result: gcc
configure:11949: checking for C compiler version
configure:11958: gcc --version >&5
gcc (GCC) 4.9.2
Copyright (C) 2014 Free Software Foundation, Inc.
This is free software; see the source for copying conditions.  There is NO
warranty; not even for MERCHANTABILITY or FITNESS FOR A PARTICULAR PURPOSE.

configure:11969: $? = 0
configure:11958: gcc -v >&5
Using built-in specs.
COLLECT_GCC=gcc
COLLECT_LTO_WRAPPER=/usr/local/libexec/gcc/x86_64-unknown-linux-gnu/4.9.2/lto-wrapper
Target: x86_64-unknown-linux-gnu
Configured with: ./configure --disable-multilib --enable-languages=c,c++
Thread model: posix
gcc version 4.9.2 (GCC) 
configure:11969: $? = 0
configure:11958: gcc -V >&5
gcc: error: unrecognized command line option '-V'
gcc: fatal error: no input files
compilation terminated.
configure:11969: $? = 1
configure:11958: gcc -qversion >&5
gcc: error: unrecognized command line option '-qversion'
gcc: fatal error: no input files
compilation terminated.
configure:11969: $? = 1
configure:11973: checking whether we are using the GNU C compiler
configure:12001: result: yes
configure:12010: checking whether gcc accepts -g
configure:12071: result: yes
configure:12088: checking for gcc option to accept ISO C89
configure:12164: result: none needed
configure:12189: checking whether gcc understands -c and -o together
configure:12226: result: yes
configure:12245: checking dependency style of gcc
configure:12356: result: gcc3
configure:12385: checking fcntl.h usability
configure:12385: gcc -c -g -O2  conftest.c >&5
configure:12385: $? = 0
configure:12385: result: yes
configure:12385: checking fcntl.h presence
configure:12385: gcc -E  conftest.c
configure:12385: $? = 0
configure:12385: result: yes
configure:12385: checking for fcntl.h
configure:12385: result: yes
configure:12385: checking for inttypes.h
configure:12385: result: yes
configure:12385: checking for stdint.h
configure:12385: result: yes
configure:12385: checking for stdlib.h
configure:12385: result: yes
configure:12385: checking stdbool.h usability
configure:12385: gcc -c -g -O2  conftest.c >&5
configure:12385: $? = 0
configure:12385: result: yes
configure:12385: checking stdbool.h presence
configure:12385: gcc -E  conftest.c
configure:12385: $? = 0
configure:12385: result: yes
configure:12385: checking for stdbool.h
configure:12385: result: yes
configure:12385: checking for string.h
configure:12385: result: yes
configure:12385: checking sys/time.h usability
configure:12385: gcc -c -g -O2  conftest.c >&5
configure:12385: $? = 0
configure:12385: result: yes
configure:12385: checking sys/time.h presence
configure:12385: gcc -E  conftest.c
configure:12385: $? = 0
configure:12385: result: yes
configure:12385: checking for sys/time.h
configure:12385: result: yes
configure:12385: checking for unistd.h
configure:12385: result: yes
configure:12385: checking omp.h usability
configure:12385: gcc -c -g -O2  conftest.c >&5
configure:12385: $? = 0
configure:12385: result: yes
configure:12385: checking omp.h presence
configure:12385: gcc -E  conftest.c
configure:12385: $? = 0
configure:12385: result: yes
configure:12385: checking for omp.h
configure:12385: result: yes
configure:12398: checking metis.h usability
configure:12398: gcc -c -g -O2  conftest.c >&5
In file included from conftest.c:65:0:
/usr/local/include/metis.h:34:20: fatal error: macros.h: No such file or directory
 #include <macros.h>
                    ^
compilation terminated.
configure:12398: $? = 1
configure: failed program was:
| /* confdefs.h */
| #define PACKAGE_NAME "founsure"
| #define PACKAGE_TARNAME "founsure"
| #define PACKAGE_VERSION "1.0"
| #define PACKAGE_STRING "founsure 1.0"
| #define PACKAGE_BUGREPORT "arslans@mef.edu.tr"
| #define PACKAGE_URL "http://suaybarslan.com/founsure"
| #define PACKAGE "founsure"
| #define VERSION "1.0"
| #define STDC_HEADERS 1
| #define HAVE_SYS_TYPES_H 1
| #define HAVE_SYS_STAT_H 1
| #define HAVE_STDLIB_H 1
| #define HAVE_STRING_H 1
| #define HAVE_MEMORY_H 1
| #define HAVE_STRINGS_H 1
| #define HAVE_INTTYPES_H 1
| #define HAVE_STDINT_H 1
| #define HAVE_UNISTD_H 1
| #define HAVE_DLFCN_H 1
| #define LT_OBJDIR ".libs/"
| #define HAVE_FCNTL_H 1
| #define HAVE_INTTYPES_H 1
| #define HAVE_STDINT_H 1
| #define HAVE_STDLIB_H 1
| #define HAVE_STDBOOL_H 1
| #define HAVE_STRING_H 1
| #define HAVE_SYS_TIME_H 1
| #define HAVE_UNISTD_H 1
| #define HAVE_OMP_H 1
| /* end confdefs.h.  */
| #include <stdio.h>
| #ifdef HAVE_SYS_TYPES_H
| # include <sys/types.h>
| #endif
| #ifdef HAVE_SYS_STAT_H
| # include <sys/stat.h>
| #endif
| #ifdef STDC_HEADERS
| # include <stdlib.h>
| # include <stddef.h>
| #else
| # ifdef HAVE_STDLIB_H
| #  include <stdlib.h>
| # endif
| #endif
| #ifdef HAVE_STRING_H
| # if !defined STDC_HEADERS && defined HAVE_MEMORY_H
| #  include <memory.h>
| # endif
| # include <string.h>
| #endif
| #ifdef HAVE_STRINGS_H
| # include <strings.h>
| #endif
| #ifdef HAVE_INTTYPES_H
| # include <inttypes.h>
| #endif
| #ifdef HAVE_STDINT_H
| # include <stdint.h>
| #endif
| #ifdef HAVE_UNISTD_H
| # include <unistd.h>
| #endif
| #include <metis.h>
configure:12398: result: no
configure:12398: checking metis.h presence
configure:12398: gcc -E  conftest.c
In file included from conftest.c:32:0:
/usr/local/include/metis.h:34:20: fatal error: macros.h: No such file or directory
 #include <macros.h>
                    ^
compilation terminated.
configure:12398: $? = 1
configure: failed program was:
| /* confdefs.h */
| #define PACKAGE_NAME "founsure"
| #define PACKAGE_TARNAME "founsure"
| #define PACKAGE_VERSION "1.0"
| #define PACKAGE_STRING "founsure 1.0"
| #define PACKAGE_BUGREPORT "arslans@mef.edu.tr"
| #define PACKAGE_URL "http://suaybarslan.com/founsure"
| #define PACKAGE "founsure"
| #define VERSION "1.0"
| #define STDC_HEADERS 1
| #define HAVE_SYS_TYPES_H 1
| #define HAVE_SYS_STAT_H 1
| #define HAVE_STDLIB_H 1
| #define HAVE_STRING_H 1
| #define HAVE_MEMORY_H 1
| #define HAVE_STRINGS_H 1
| #define HAVE_INTTYPES_H 1
| #define HAVE_STDINT_H 1
| #define HAVE_UNISTD_H 1
| #define HAVE_DLFCN_H 1
| #define LT_OBJDIR ".libs/"
| #define HAVE_FCNTL_H 1
| #define HAVE_INTTYPES_H 1
| #define HAVE_STDINT_H 1
| #define HAVE_STDLIB_H 1
| #define HAVE_STDBOOL_H 1
| #define HAVE_STRING_H 1
| #define HAVE_SYS_TIME_H 1
| #define HAVE_UNISTD_H 1
| #define HAVE_OMP_H 1
| /* end confdefs.h.  */
| #include <metis.h>
configure:12398: result: no
configure:12398: checking for metis.h
configure:12398: result: no
configure:12398: checking defs.h usability
configure:12398: gcc -c -g -O2  conftest.c >&5
conftest.c:65:18: fatal error: defs.h: No such file or directory
 #include <defs.h>
                  ^
compilation terminated.
configure:12398: $? = 1
configure: failed program was:
| /* confdefs.h */
| #define PACKAGE_NAME "founsure"
| #define PACKAGE_TARNAME "founsure"
| #define PACKAGE_VERSION "1.0"
| #define PACKAGE_STRING "founsure 1.0"
| #define PACKAGE_BUGREPORT "arslans@mef.edu.tr"
| #define PACKAGE_URL "http://suaybarslan.com/founsure"
| #define PACKAGE "founsure"
| #define VERSION "1.0"
| #define STDC_HEADERS 1
| #define HAVE_SYS_TYPES_H 1
| #define HAVE_SYS_STAT_H 1
| #define HAVE_STDLIB_H 1
| #define HAVE_STRING_H 1
| #define HAVE_MEMORY_H 1
| #define HAVE_STRINGS_H 1
| #define HAVE_INTTYPES_H 1
| #define HAVE_STDINT_H 1
| #define HAVE_UNISTD_H 1
| #define HAVE_DLFCN_H 1
| #define LT_OBJDIR ".libs/"
| #define HAVE_FCNTL_H 1
| #define HAVE_INTTYPES_H 1
| #define HAVE_STDINT_H 1
| #define HAVE_STDLIB_H 1
| #define HAVE_STDBOOL_H 1
| #define HAVE_STRING_H 1
| #define HAVE_SYS_TIME_H 1
| #define HAVE_UNISTD_H 1
| #define HAVE_OMP_H 1
| /* end confdefs.h.  */
| #include <stdio.h>
| #ifdef HAVE_SYS_TYPES_H
| # include <sys/types.h>
| #endif
| #ifdef HAVE_SYS_STAT_H
| # include <sys/stat.h>
| #endif
| #ifdef STDC_HEADERS
| # include <stdlib.h>
| # include <stddef.h>
| #else
| # ifdef HAVE_STDLIB_H
| #  include <stdlib.h>
| # endif
| #endif
| #ifdef HAVE_STRING_H
| # if !defined STDC_HEADERS && defined HAVE_MEMORY_H
| #  include <memory.h>
| # endif
| # include <string.h>
| #endif
| #ifdef HAVE_STRINGS_H
| # include <strings.h>
| #endif
| #ifdef HAVE_INTTYPES_H
| # include <inttypes.h>
| #endif
| #ifdef HAVE_STDINT_H
| # include <stdint.h>
| #endif
| #ifdef HAVE_UNISTD_H
| # include <unistd.h>
| #endif
| #include <defs.h>
configure:12398: result: no
configure:12398: checking defs.h presence
configure:12398: gcc -E  conftest.c
conftest.c:32:18: fatal error: defs.h: No such file or directory
 #include <defs.h>
                  ^
compilation terminated.
configure:12398: $? = 1
configure: failed program was:
| /* confdefs.h */
| #define PACKAGE_NAME "founsure"
| #define PACKAGE_TARNAME "founsure"
| #define PACKAGE_VERSION "1.0"
| #define PACKAGE_STRING "founsure 1.0"
| #define PACKAGE_BUGREPORT "arslans@mef.edu.tr"
| #define PACKAGE_URL "http://suaybarslan.com/founsure"
| #define PACKAGE "founsure"
| #define VERSION "1.0"
| #define STDC_HEADERS 1
| #define HAVE_SYS_TYPES_H 1
| #define HAVE_SYS_STAT_H 1
| #define HAVE_STDLIB_H 1
| #define HAVE_STRING_H 1
| #define HAVE_MEMORY_H 1
| #define HAVE_STRINGS_H 1
| #define HAVE_INTTYPES_H 1
| #define HAVE_STDINT_H 1
| #define HAVE_UNISTD_H 1
| #define HAVE_DLFCN_H 1
| #define LT_OBJDIR ".libs/"
| #define HAVE_FCNTL_H 1
| #define HAVE_INTTYPES_H 1
| #define HAVE_STDINT_H 1
| #define HAVE_STDLIB_H 1
| #define HAVE_STDBOOL_H 1
| #define HAVE_STRING_H 1
| #define HAVE_SYS_TIME_H 1
| #define HAVE_UNISTD_H 1
| #define HAVE_OMP_H 1
| /* end confdefs.h.  */
| #include <defs.h>
configure:12398: result: no
configure:12398: checking for defs.h
configure:12398: result: no
configure:12398: checking rename.h usability
configure:12398: gcc -c -g -O2  conftest.c >&5
conftest.c:65:20: fatal error: rename.h: No such file or directory
 #include <rename.h>
                    ^
compilation terminated.
configure:12398: $? = 1
configure: failed program was:
| /* confdefs.h */
| #define PACKAGE_NAME "founsure"
| #define PACKAGE_TARNAME "founsure"
| #define PACKAGE_VERSION "1.0"
| #define PACKAGE_STRING "founsure 1.0"
| #define PACKAGE_BUGREPORT "arslans@mef.edu.tr"
| #define PACKAGE_URL "http://suaybarslan.com/founsure"
| #define PACKAGE "founsure"
| #define VERSION "1.0"
| #define STDC_HEADERS 1
| #define HAVE_SYS_TYPES_H 1
| #define HAVE_SYS_STAT_H 1
| #define HAVE_STDLIB_H 1
| #define HAVE_STRING_H 1
| #define HAVE_MEMORY_H 1
| #define HAVE_STRINGS_H 1
| #define HAVE_INTTYPES_H 1
| #define HAVE_STDINT_H 1
| #define HAVE_UNISTD_H 1
| #define HAVE_DLFCN_H 1
| #define LT_OBJDIR ".libs/"
| #define HAVE_FCNTL_H 1
| #define HAVE_INTTYPES_H 1
| #define HAVE_STDINT_H 1
| #define HAVE_STDLIB_H 1
| #define HAVE_STDBOOL_H 1
| #define HAVE_STRING_H 1
| #define HAVE_SYS_TIME_H 1
| #define HAVE_UNISTD_H 1
| #define HAVE_OMP_H 1
| /* end confdefs.h.  */
| #include <stdio.h>
| #ifdef HAVE_SYS_TYPES_H
| # include <sys/types.h>
| #endif
| #ifdef HAVE_SYS_STAT_H
| # include <sys/stat.h>
| #endif
| #ifdef STDC_HEADERS
| # include <stdlib.h>
| # include <stddef.h>
| #else
| # ifdef HAVE_STDLIB_H
| #  include <stdlib.h>
| # endif
| #endif
| #ifdef HAVE_STRING_H
| # if !defined STDC_HEADERS && defined HAVE_MEMORY_H
| #  include <memory.h>
| # endif
| # include <string.h>
| #endif
| #ifdef HAVE_STRINGS_H
| # include <strings.h>
| #endif
| #ifdef HAVE_INTTYPES_H
| # include <inttypes.h>
| #endif
| #ifdef HAVE_STDINT_H
| # include <stdint.h>
| #endif
| #ifdef HAVE_UNISTD_H
| # include <unistd.h>
| #endif
| #include <rename.h>
configure:12398: result: no
configure:12398: checking rename.h presence
configure:12398: gcc -E  conftest.c
conftest.c:32:20: fatal error: rename.h: No such file or directory
 #include <rename.h>
                    ^
compilation terminated.
configure:12398: $? = 1
configure: failed program was:
| /* confdefs.h */
| #define PACKAGE_NAME "founsure"
| #define PACKAGE_TARNAME "founsure"
| #define PACKAGE_VERSION "1.0"
| #define PACKAGE_STRING "founsure 1.0"
| #define PACKAGE_BUGREPORT "arslans@mef.edu.tr"
| #define PACKAGE_URL "http://suaybarslan.com/founsure"
| #define PACKAGE "founsure"
| #define VERSION "1.0"
| #define STDC_HEADERS 1
| #define HAVE_SYS_TYPES_H 1
| #define HAVE_SYS_STAT_H 1
| #define HAVE_STDLIB_H 1
| #define HAVE_STRING_H 1
| #define HAVE_MEMORY_H 1
| #define HAVE_STRINGS_H 1
| #define HAVE_INTTYPES_H 1
| #define HAVE_STDINT_H 1
| #define HAVE_UNISTD_H 1
| #define HAVE_DLFCN_H 1
| #define LT_OBJDIR ".libs/"
| #define HAVE_FCNTL_H 1
| #define HAVE_INTTYPES_H 1
| #define HAVE_STDINT_H 1
| #define HAVE_STDLIB_H 1
| #define HAVE_STDBOOL_H 1
| #define HAVE_STRING_H 1
| #define HAVE_SYS_TIME_H 1
| #define HAVE_UNISTD_H 1
| #define HAVE_OMP_H 1
| /* end confdefs.h.  */
| #include <rename.h>
configure:12398: result: no
configure:12398: checking for rename.h
configure:12398: result: no
configure:12398: checking struct.h usability
configure:12398: gcc -c -g -O2  conftest.c >&5
conftest.c:65:20: fatal error: struct.h: No such file or directory
 #include <struct.h>
                    ^
compilation terminated.
configure:12398: $? = 1
configure: failed program was:
| /* confdefs.h */
| #define PACKAGE_NAME "founsure"
| #define PACKAGE_TARNAME "founsure"
| #define PACKAGE_VERSION "1.0"
| #define PACKAGE_STRING "founsure 1.0"
| #define PACKAGE_BUGREPORT "arslans@mef.edu.tr"
| #define PACKAGE_URL "http://suaybarslan.com/founsure"
| #define PACKAGE "founsure"
| #define VERSION "1.0"
| #define STDC_HEADERS 1
| #define HAVE_SYS_TYPES_H 1
| #define HAVE_SYS_STAT_H 1
| #define HAVE_STDLIB_H 1
| #define HAVE_STRING_H 1
| #define HAVE_MEMORY_H 1
| #define HAVE_STRINGS_H 1
| #define HAVE_INTTYPES_H 1
| #define HAVE_STDINT_H 1
| #define HAVE_UNISTD_H 1
| #define HAVE_DLFCN_H 1
| #define LT_OBJDIR ".libs/"
| #define HAVE_FCNTL_H 1
| #define HAVE_INTTYPES_H 1
| #define HAVE_STDINT_H 1
| #define HAVE_STDLIB_H 1
| #define HAVE_STDBOOL_H 1
| #define HAVE_STRING_H 1
| #define HAVE_SYS_TIME_H 1
| #define HAVE_UNISTD_H 1
| #define HAVE_OMP_H 1
| /* end confdefs.h.  */
| #include <stdio.h>
| #ifdef HAVE_SYS_TYPES_H
| # include <sys/types.h>
| #endif
| #ifdef HAVE_SYS_STAT_H
| # include <sys/stat.h>
| #endif
| #ifdef STDC_HEADERS
| # include <stdlib.h>
| # include <stddef.h>
| #else
| # ifdef HAVE_STDLIB_H
| #  include <stdlib.h>
| # endif
| #endif
| #ifdef HAVE_STRING_H
| # if !defined STDC_HEADERS && defined HAVE_MEMORY_H
| #  include <memory.h>
| # endif
| # include <string.h>
| #endif
| #ifdef HAVE_STRINGS_H
| # include <strings.h>
| #endif
| #ifdef HAVE_INTTYPES_H
| # include <inttypes.h>
| #endif
| #ifdef HAVE_STDINT_H
| # include <stdint.h>
| #endif
| #ifdef HAVE_UNISTD_H
| # include <unistd.h>
| #endif
| #include <struct.h>
configure:12398: result: no
configure:12398: checking struct.h presence
configure:12398: gcc -E  conftest.c
conftest.c:32:20: fatal error: struct.h: No such file or directory
 #include <struct.h>
                    ^
compilation terminated.
configure:12398: $? = 1
configure: failed program was:
| /* confdefs.h */
| #define PACKAGE_NAME "founsure"
| #define PACKAGE_TARNAME "founsure"
| #define PACKAGE_VERSION "1.0"
| #define PACKAGE_STRING "founsure 1.0"
| #define PACKAGE_BUGREPORT "arslans@mef.edu.tr"
| #define PACKAGE_URL "http://suaybarslan.com/founsure"
| #define PACKAGE "founsure"
| #define VERSION "1.0"
| #define STDC_HEADERS 1
| #define HAVE_SYS_TYPES_H 1
| #define HAVE_SYS_STAT_H 1
| #define HAVE_STDLIB_H 1
| #define HAVE_STRING_H 1
| #define HAVE_MEMORY_H 1
| #define HAVE_STRINGS_H 1
| #define HAVE_INTTYPES_H 1
| #define HAVE_STDINT_H 1
| #define HAVE_UNISTD_H 1
| #define HAVE_DLFCN_H 1
| #define LT_OBJDIR ".libs/"
| #define HAVE_FCNTL_H 1
| #define HAVE_INTTYPES_H 1
| #define HAVE_STDINT_H 1
| #define HAVE_STDLIB_H 1
| #define HAVE_STDBOOL_H 1
| #define HAVE_STRING_H 1
| #define HAVE_SYS_TIME_H 1
| #define HAVE_UNISTD_H 1
| #define HAVE_OMP_H 1
| /* end confdefs.h.  */
| #include <struct.h>
configure:12398: result: no
configure:12398: checking for struct.h
configure:12398: result: no
configure:12398: checking macros.h usability
configure:12398: gcc -c -g -O2  conftest.c >&5
conftest.c:65:20: fatal error: macros.h: No such file or directory
 #include <macros.h>
                    ^
compilation terminated.
configure:12398: $? = 1
configure: failed program was:
| /* confdefs.h */
| #define PACKAGE_NAME "founsure"
| #define PACKAGE_TARNAME "founsure"
| #define PACKAGE_VERSION "1.0"
| #define PACKAGE_STRING "founsure 1.0"
| #define PACKAGE_BUGREPORT "arslans@mef.edu.tr"
| #define PACKAGE_URL "http://suaybarslan.com/founsure"
| #define PACKAGE "founsure"
| #define VERSION "1.0"
| #define STDC_HEADERS 1
| #define HAVE_SYS_TYPES_H 1
| #define HAVE_SYS_STAT_H 1
| #define HAVE_STDLIB_H 1
| #define HAVE_STRING_H 1
| #define HAVE_MEMORY_H 1
| #define HAVE_STRINGS_H 1
| #define HAVE_INTTYPES_H 1
| #define HAVE_STDINT_H 1
| #define HAVE_UNISTD_H 1
| #define HAVE_DLFCN_H 1
| #define LT_OBJDIR ".libs/"
| #define HAVE_FCNTL_H 1
| #define HAVE_INTTYPES_H 1
| #define HAVE_STDINT_H 1
| #define HAVE_STDLIB_H 1
| #define HAVE_STDBOOL_H 1
| #define HAVE_STRING_H 1
| #define HAVE_SYS_TIME_H 1
| #define HAVE_UNISTD_H 1
| #define HAVE_OMP_H 1
| /* end confdefs.h.  */
| #include <stdio.h>
| #ifdef HAVE_SYS_TYPES_H
| # include <sys/types.h>
| #endif
| #ifdef HAVE_SYS_STAT_H
| # include <sys/stat.h>
| #endif
| #ifdef STDC_HEADERS
| # include <stdlib.h>
| # include <stddef.h>
| #else
| # ifdef HAVE_STDLIB_H
| #  include <stdlib.h>
| # endif
| #endif
| #ifdef HAVE_STRING_H
| # if !defined STDC_HEADERS && defined HAVE_MEMORY_H
| #  include <memory.h>
| # endif
| # include <string.h>
| #endif
| #ifdef HAVE_STRINGS_H
| # include <strings.h>
| #endif
| #ifdef HAVE_INTTYPES_H
| # include <inttypes.h>
| #endif
| #ifdef HAVE_STDINT_H
| # include <stdint.h>
| #endif
| #ifdef HAVE_UNISTD_H
| # include <unistd.h>
| #endif
| #include <macros.h>
configure:12398: result: no
configure:12398: checking macros.h presence
configure:12398: gcc -E  conftest.c
conftest.c:32:20: fatal error: macros.h: No such file or directory
 #include <macros.h>
                    ^
compilation terminated.
configure:12398: $? = 1
configure: failed program was:
| /* confdefs.h */
| #define PACKAGE_NAME "founsure"
| #define PACKAGE_TARNAME "founsure"
| #define PACKAGE_VERSION "1.0"
| #define PACKAGE_STRING "founsure 1.0"
| #define PACKAGE_BUGREPORT "arslans@mef.edu.tr"
| #define PACKAGE_URL "http://suaybarslan.com/founsure"
| #define PACKAGE "founsure"
| #define VERSION "1.0"
| #define STDC_HEADERS 1
| #define HAVE_SYS_TYPES_H 1
| #define HAVE_SYS_STAT_H 1
| #define HAVE_STDLIB_H 1
| #define HAVE_STRING_H 1
| #define HAVE_MEMORY_H 1
| #define HAVE_STRINGS_H 1
| #define HAVE_INTTYPES_H 1
| #define HAVE_STDINT_H 1
| #define HAVE_UNISTD_H 1
| #define HAVE_DLFCN_H 1
| #define LT_OBJDIR ".libs/"
| #define HAVE_FCNTL_H 1
| #define HAVE_INTTYPES_H 1
| #define HAVE_STDINT_H 1
| #define HAVE_STDLIB_H 1
| #define HAVE_STDBOOL_H 1
| #define HAVE_STRING_H 1
| #define HAVE_SYS_TIME_H 1
| #define HAVE_UNISTD_H 1
| #define HAVE_OMP_H 1
| /* end confdefs.h.  */
| #include <macros.h>
configure:12398: result: no
configure:12398: checking for macros.h
configure:12398: result: no
configure:12398: checking proto.h usability
configure:12398: gcc -c -g -O2  conftest.c >&5
conftest.c:65:19: fatal error: proto.h: No such file or directory
 #include <proto.h>
                   ^
compilation terminated.
configure:12398: $? = 1
configure: failed program was:
| /* confdefs.h */
| #define PACKAGE_NAME "founsure"
| #define PACKAGE_TARNAME "founsure"
| #define PACKAGE_VERSION "1.0"
| #define PACKAGE_STRING "founsure 1.0"
| #define PACKAGE_BUGREPORT "arslans@mef.edu.tr"
| #define PACKAGE_URL "http://suaybarslan.com/founsure"
| #define PACKAGE "founsure"
| #define VERSION "1.0"
| #define STDC_HEADERS 1
| #define HAVE_SYS_TYPES_H 1
| #define HAVE_SYS_STAT_H 1
| #define HAVE_STDLIB_H 1
| #define HAVE_STRING_H 1
| #define HAVE_MEMORY_H 1
| #define HAVE_STRINGS_H 1
| #define HAVE_INTTYPES_H 1
| #define HAVE_STDINT_H 1
| #define HAVE_UNISTD_H 1
| #define HAVE_DLFCN_H 1
| #define LT_OBJDIR ".libs/"
| #define HAVE_FCNTL_H 1
| #define HAVE_INTTYPES_H 1
| #define HAVE_STDINT_H 1
| #define HAVE_STDLIB_H 1
| #define HAVE_STDBOOL_H 1
| #define HAVE_STRING_H 1
| #define HAVE_SYS_TIME_H 1
| #define HAVE_UNISTD_H 1
| #define HAVE_OMP_H 1
| /* end confdefs.h.  */
| #include <stdio.h>
| #ifdef HAVE_SYS_TYPES_H
| # include <sys/types.h>
| #endif
| #ifdef HAVE_SYS_STAT_H
| # include <sys/stat.h>
| #endif
| #ifdef STDC_HEADERS
| # include <stdlib.h>
| # include <stddef.h>
| #else
| # ifdef HAVE_STDLIB_H
| #  include <stdlib.h>
| # endif
| #endif
| #ifdef HAVE_STRING_H
| # if !defined STDC_HEADERS && defined HAVE_MEMORY_H
| #  include <memory.h>
| # endif
| # include <string.h>
| #endif
| #ifdef HAVE_STRINGS_H
| # include <strings.h>
| #endif
| #ifdef HAVE_INTTYPES_H
| # include <inttypes.h>
| #endif
| #ifdef HAVE_STDINT_H
| # include <stdint.h>
| #endif
| #ifdef HAVE_UNISTD_H
| # include <unistd.h>
| #endif
| #include <proto.h>
configure:12398: result: no
configure:12398: checking proto.h presence
configure:12398: gcc -E  conftest.c
conftest.c:32:19: fatal error: proto.h: No such file or directory
 #include <proto.h>
                   ^
compilation terminated.
configure:12398: $? = 1
configure: failed program was:
| /* confdefs.h */
| #define PACKAGE_NAME "founsure"
| #define PACKAGE_TARNAME "founsure"
| #define PACKAGE_VERSION "1.0"
| #define PACKAGE_STRING "founsure 1.0"
| #define PACKAGE_BUGREPORT "arslans@mef.edu.tr"
| #define PACKAGE_URL "http://suaybarslan.com/founsure"
| #define PACKAGE "founsure"
| #define VERSION "1.0"
| #define STDC_HEADERS 1
| #define HAVE_SYS_TYPES_H 1
| #define HAVE_SYS_STAT_H 1
| #define HAVE_STDLIB_H 1
| #define HAVE_STRING_H 1
| #define HAVE_MEMORY_H 1
| #define HAVE_STRINGS_H 1
| #define HAVE_INTTYPES_H 1
| #define HAVE_STDINT_H 1
| #define HAVE_UNISTD_H 1
| #define HAVE_DLFCN_H 1
| #define LT_OBJDIR ".libs/"
| #define HAVE_FCNTL_H 1
| #define HAVE_INTTYPES_H 1
| #define HAVE_STDINT_H 1
| #define HAVE_STDLIB_H 1
| #define HAVE_STDBOOL_H 1
| #define HAVE_STRING_H 1
| #define HAVE_SYS_TIME_H 1
| #define HAVE_UNISTD_H 1
| #define HAVE_OMP_H 1
| /* end confdefs.h.  */
| #include <proto.h>
configure:12398: result: no
configure:12398: checking for proto.h
configure:12398: result: no
configure:12409: checking for library containing pow
configure:12440: gcc -o conftest -g -O2   conftest.c  >&5
conftest.c:39:6: warning: conflicting types for built-in function 'pow'
 char pow ();
      ^
/tmp/ccCMfCp2.o: In function `main':
/root/Founsure_1.0_0_test/conftest.c:43: undefined reference to `pow'
collect2: error: ld returned 1 exit status
configure:12440: $? = 1
configure: failed program was:
| /* confdefs.h */
| #define PACKAGE_NAME "founsure"
| #define PACKAGE_TARNAME "founsure"
| #define PACKAGE_VERSION "1.0"
| #define PACKAGE_STRING "founsure 1.0"
| #define PACKAGE_BUGREPORT "arslans@mef.edu.tr"
| #define PACKAGE_URL "http://suaybarslan.com/founsure"
| #define PACKAGE "founsure"
| #define VERSION "1.0"
| #define STDC_HEADERS 1
| #define HAVE_SYS_TYPES_H 1
| #define HAVE_SYS_STAT_H 1
| #define HAVE_STDLIB_H 1
| #define HAVE_STRING_H 1
| #define HAVE_MEMORY_H 1
| #define HAVE_STRINGS_H 1
| #define HAVE_INTTYPES_H 1
| #define HAVE_STDINT_H 1
| #define HAVE_UNISTD_H 1
| #define HAVE_DLFCN_H 1
| #define LT_OBJDIR ".libs/"
| #define HAVE_FCNTL_H 1
| #define HAVE_INTTYPES_H 1
| #define HAVE_STDINT_H 1
| #define HAVE_STDLIB_H 1
| #define HAVE_STDBOOL_H 1
| #define HAVE_STRING_H 1
| #define HAVE_SYS_TIME_H 1
| #define HAVE_UNISTD_H 1
| #define HAVE_OMP_H 1
| /* end confdefs.h.  */
| 
| /* Override any GCC internal prototype to avoid an error.
|    Use char because int might match the return type of a GCC
|    builtin and then its argument prototype would still apply.  */
| #ifdef __cplusplus
| extern "C"
| #endif
| char pow ();
| int
| main ()
| {
| return pow ();
|   ;
|   return 0;
| }
configure:12440: gcc -o conftest -g -O2   conftest.c -lm   >&5
conftest.c:39:6: warning: conflicting types for built-in function 'pow'
 char pow ();
      ^
configure:12440: $? = 0
configure:12457: result: -lm
configure:12467: checking for stdbool.h that conforms to C99
configure:12541: result: yes
configure:12543: checking for _Bool
configure:12543: gcc -c -g -O2  conftest.c >&5
configure:12543: $? = 0
configure:12543: gcc -c -g -O2  conftest.c >&5
conftest.c: In function 'main':
conftest.c:68:20: error: expected expression before ')' token
 if (sizeof ((_Bool)))
                    ^
configure:12543: $? = 1
configure: failed program was:
| /* confdefs.h */
| #define PACKAGE_NAME "founsure"
| #define PACKAGE_TARNAME "founsure"
| #define PACKAGE_VERSION "1.0"
| #define PACKAGE_STRING "founsure 1.0"
| #define PACKAGE_BUGREPORT "arslans@mef.edu.tr"
| #define PACKAGE_URL "http://suaybarslan.com/founsure"
| #define PACKAGE "founsure"
| #define VERSION "1.0"
| #define STDC_HEADERS 1
| #define HAVE_SYS_TYPES_H 1
| #define HAVE_SYS_STAT_H 1
| #define HAVE_STDLIB_H 1
| #define HAVE_STRING_H 1
| #define HAVE_MEMORY_H 1
| #define HAVE_STRINGS_H 1
| #define HAVE_INTTYPES_H 1
| #define HAVE_STDINT_H 1
| #define HAVE_UNISTD_H 1
| #define HAVE_DLFCN_H 1
| #define LT_OBJDIR ".libs/"
| #define HAVE_FCNTL_H 1
| #define HAVE_INTTYPES_H 1
| #define HAVE_STDINT_H 1
| #define HAVE_STDLIB_H 1
| #define HAVE_STDBOOL_H 1
| #define HAVE_STRING_H 1
| #define HAVE_SYS_TIME_H 1
| #define HAVE_UNISTD_H 1
| #define HAVE_OMP_H 1
| /* end confdefs.h.  */
| #include <stdio.h>
| #ifdef HAVE_SYS_TYPES_H
| # include <sys/types.h>
| #endif
| #ifdef HAVE_SYS_STAT_H
| # include <sys/stat.h>
| #endif
| #ifdef STDC_HEADERS
| # include <stdlib.h>
| # include <stddef.h>
| #else
| # ifdef HAVE_STDLIB_H
| #  include <stdlib.h>
| # endif
| #endif
| #ifdef HAVE_STRING_H
| # if !defined STDC_HEADERS && defined HAVE_MEMORY_H
| #  include <memory.h>
| # endif
| # include <string.h>
| #endif
| #ifdef HAVE_STRINGS_H
| # include <strings.h>
| #endif
| #ifdef HAVE_INTTYPES_H
| # include <inttypes.h>
| #endif
| #ifdef HAVE_STDINT_H
| # include <stdint.h>
| #endif
| #ifdef HAVE_UNISTD_H
| # include <unistd.h>
| #endif
| int
| main ()
| {
| if (sizeof ((_Bool)))
| 	    return 0;
|   ;
|   return 0;
| }
configure:12543: result: yes
configure:12554: checking for inline
configure:12570: gcc -c -g -O2  conftest.c >&5
configure:12570: $? = 0
configure:12578: result: inline
configure:12596: checking for int32_t
configure:12596: gcc -c -g -O2  conftest.c >&5
configure:12596: $? = 0
configure:12596: gcc -c -g -O2  conftest.c >&5
conftest.c: In function 'main':
conftest.c:71:53: warning: integer overflow in expression [-Woverflow]
    < (int32_t) (((((int32_t) 1 << N) << N) - 1) * 2 + 2))];
                                                     ^
conftest.c:70:12: error: storage size of 'test_array' isn't constant
 static int test_array [1 - 2 * !((int32_t) (((((int32_t) 1 << N) << N) - 1) * 2 + 1)
            ^
configure:12596: $? = 1
configure: failed program was:
| /* confdefs.h */
| #define PACKAGE_NAME "founsure"
| #define PACKAGE_TARNAME "founsure"
| #define PACKAGE_VERSION "1.0"
| #define PACKAGE_STRING "founsure 1.0"
| #define PACKAGE_BUGREPORT "arslans@mef.edu.tr"
| #define PACKAGE_URL "http://suaybarslan.com/founsure"
| #define PACKAGE "founsure"
| #define VERSION "1.0"
| #define STDC_HEADERS 1
| #define HAVE_SYS_TYPES_H 1
| #define HAVE_SYS_STAT_H 1
| #define HAVE_STDLIB_H 1
| #define HAVE_STRING_H 1
| #define HAVE_MEMORY_H 1
| #define HAVE_STRINGS_H 1
| #define HAVE_INTTYPES_H 1
| #define HAVE_STDINT_H 1
| #define HAVE_UNISTD_H 1
| #define HAVE_DLFCN_H 1
| #define LT_OBJDIR ".libs/"
| #define HAVE_FCNTL_H 1
| #define HAVE_INTTYPES_H 1
| #define HAVE_STDINT_H 1
| #define HAVE_STDLIB_H 1
| #define HAVE_STDBOOL_H 1
| #define HAVE_STRING_H 1
| #define HAVE_SYS_TIME_H 1
| #define HAVE_UNISTD_H 1
| #define HAVE_OMP_H 1
| #define HAVE__BOOL 1
| /* end confdefs.h.  */
| #include <stdio.h>
| #ifdef HAVE_SYS_TYPES_H
| # include <sys/types.h>
| #endif
| #ifdef HAVE_SYS_STAT_H
| # include <sys/stat.h>
| #endif
| #ifdef STDC_HEADERS
| # include <stdlib.h>
| # include <stddef.h>
| #else
| # ifdef HAVE_STDLIB_H
| #  include <stdlib.h>
| # endif
| #endif
| #ifdef HAVE_STRING_H
| # if !defined STDC_HEADERS && defined HAVE_MEMORY_H
| #  include <memory.h>
| # endif
| # include <string.h>
| #endif
| #ifdef HAVE_STRINGS_H
| # include <strings.h>
| #endif
| #ifdef HAVE_INTTYPES_H
| # include <inttypes.h>
| #endif
| #ifdef HAVE_STDINT_H
| # include <stdint.h>
| #endif
| #ifdef HAVE_UNISTD_H
| # include <unistd.h>
| #endif
| 	        enum { N = 32 / 2 - 1 };
| int
| main ()
| {
| static int test_array [1 - 2 * !((int32_t) (((((int32_t) 1 << N) << N) - 1) * 2 + 1)
| 		 < (int32_t) (((((int32_t) 1 << N) << N) - 1) * 2 + 2))];
| test_array [0] = 0;
| return test_array [0];
| 
|   ;
|   return 0;
| }
configure:12596: result: yes
configure:12607: checking for size_t
configure:12607: gcc -c -g -O2  conftest.c >&5
configure:12607: $? = 0
configure:12607: gcc -c -g -O2  conftest.c >&5
conftest.c: In function 'main':
conftest.c:69:21: error: expected expression before ')' token
 if (sizeof ((size_t)))
                     ^
configure:12607: $? = 1
configure: failed program was:
| /* confdefs.h */
| #define PACKAGE_NAME "founsure"
| #define PACKAGE_TARNAME "founsure"
| #define PACKAGE_VERSION "1.0"
| #define PACKAGE_STRING "founsure 1.0"
| #define PACKAGE_BUGREPORT "arslans@mef.edu.tr"
| #define PACKAGE_URL "http://suaybarslan.com/founsure"
| #define PACKAGE "founsure"
| #define VERSION "1.0"
| #define STDC_HEADERS 1
| #define HAVE_SYS_TYPES_H 1
| #define HAVE_SYS_STAT_H 1
| #define HAVE_STDLIB_H 1
| #define HAVE_STRING_H 1
| #define HAVE_MEMORY_H 1
| #define HAVE_STRINGS_H 1
| #define HAVE_INTTYPES_H 1
| #define HAVE_STDINT_H 1
| #define HAVE_UNISTD_H 1
| #define HAVE_DLFCN_H 1
| #define LT_OBJDIR ".libs/"
| #define HAVE_FCNTL_H 1
| #define HAVE_INTTYPES_H 1
| #define HAVE_STDINT_H 1
| #define HAVE_STDLIB_H 1
| #define HAVE_STDBOOL_H 1
| #define HAVE_STRING_H 1
| #define HAVE_SYS_TIME_H 1
| #define HAVE_UNISTD_H 1
| #define HAVE_OMP_H 1
| #define HAVE__BOOL 1
| /* end confdefs.h.  */
| #include <stdio.h>
| #ifdef HAVE_SYS_TYPES_H
| # include <sys/types.h>
| #endif
| #ifdef HAVE_SYS_STAT_H
| # include <sys/stat.h>
| #endif
| #ifdef STDC_HEADERS
| # include <stdlib.h>
| # include <stddef.h>
| #else
| # ifdef HAVE_STDLIB_H
| #  include <stdlib.h>
| # endif
| #endif
| #ifdef HAVE_STRING_H
| # if !defined STDC_HEADERS && defined HAVE_MEMORY_H
| #  include <memory.h>
| # endif
| # include <string.h>
| #endif
| #ifdef HAVE_STRINGS_H
| # include <strings.h>
| #endif
| #ifdef HAVE_INTTYPES_H
| # include <inttypes.h>
| #endif
| #ifdef HAVE_STDINT_H
| # include <stdint.h>
| #endif
| #ifdef HAVE_UNISTD_H
| # include <unistd.h>
| #endif
| int
| main ()
| {
| if (sizeof ((size_t)))
| 	    return 0;
|   ;
|   return 0;
| }
configure:12607: result: yes
configure:12618: checking for uint32_t
configure:12618: gcc -c -g -O2  conftest.c >&5
configure:12618: $? = 0
configure:12618: result: yes
configure:12632: checking for uint64_t
configure:12632: gcc -c -g -O2  conftest.c >&5
configure:12632: $? = 0
configure:12632: result: yes
configure:12651: checking for stdlib.h
configure:12651: result: yes
configure:12661: checking for GNU libc compatible malloc
configure:12685: gcc -o conftest -g -O2   conftest.c -lm  >&5
configure:12685: $? = 0
configure:12685: ./conftest
configure:12685: $? = 0
configure:12695: result: yes
configure:12718: checking for stdlib.h
configure:12718: result: yes
configure:12728: checking for GNU libc compatible realloc
configure:12752: gcc -o conftest -g -O2   conftest.c -lm  >&5
configure:12752: $? = 0
configure:12752: ./conftest
configure:12752: $? = 0
configure:12762: result: yes
configure:12786: checking for floor
configure:12786: gcc -o conftest -g -O2   conftest.c -lm  >&5
conftest.c:60:6: warning: conflicting types for built-in function 'floor'
 char floor ();
      ^
configure:12786: $? = 0
configure:12786: result: yes
configure:12786: checking for getcwd
configure:12786: gcc -o conftest -g -O2   conftest.c -lm  >&5
configure:12786: $? = 0
configure:12786: result: yes
configure:12786: checking for gettimeofday
configure:12786: gcc -o conftest -g -O2   conftest.c -lm  >&5
configure:12786: $? = 0
configure:12786: result: yes
configure:12786: checking for memset
configure:12786: gcc -o conftest -g -O2   conftest.c -lm  >&5
conftest.c:63:6: warning: conflicting types for built-in function 'memset'
 char memset ();
      ^
configure:12786: $? = 0
configure:12786: result: yes
configure:12786: checking for mkdir
configure:12786: gcc -o conftest -g -O2   conftest.c -lm  >&5
configure:12786: $? = 0
configure:12786: result: yes
configure:12786: checking for sqrt
configure:12786: gcc -o conftest -g -O2   conftest.c -lm  >&5
conftest.c:65:6: warning: conflicting types for built-in function 'sqrt'
 char sqrt ();
      ^
configure:12786: $? = 0
configure:12786: result: yes
configure:12786: checking for strchr
configure:12786: gcc -o conftest -g -O2   conftest.c -lm  >&5
conftest.c:66:6: warning: conflicting types for built-in function 'strchr'
 char strchr ();
      ^
configure:12786: $? = 0
configure:12786: result: yes
configure:12786: checking for strdup
configure:12786: gcc -o conftest -g -O2   conftest.c -lm  >&5
conftest.c:67:6: warning: conflicting types for built-in function 'strdup'
 char strdup ();
      ^
configure:12786: $? = 0
configure:12786: result: yes
configure:12786: checking for strrchr
configure:12786: gcc -o conftest -g -O2   conftest.c -lm  >&5
conftest.c:68:6: warning: conflicting types for built-in function 'strrchr'
 char strrchr ();
      ^
configure:12786: $? = 0
configure:12786: result: yes
configure:12907: checking that generated files are newer than configure
configure:12913: result: done
configure:12940: creating ./config.status

## ---------------------- ##
## Running config.status. ##
## ---------------------- ##

This file was extended by founsure config.status 1.0, which was
generated by GNU Autoconf 2.69.  Invocation command line was

  CONFIG_FILES    = 
  CONFIG_HEADERS  = 
  CONFIG_LINKS    = 
  CONFIG_COMMANDS = 
  $ ./config.status 

on mefnode01.mefedu.local

config.status:1106: creating Makefile
config.status:1106: creating src/Makefile
config.status:1106: creating man/Makefile
config.status:1106: creating config.h
config.status:1287: config.h is unchanged
config.status:1335: executing depfiles commands
config.status:1335: executing libtool commands

## ---------------- ##
## Cache variables. ##
## ---------------- ##

ac_cv_build=x86_64-unknown-linux-gnu
ac_cv_c_compiler_gnu=yes
ac_cv_c_inline=inline
ac_cv_c_int32_t=yes
ac_cv_c_uint32_t=yes
ac_cv_c_uint64_t=yes
ac_cv_env_CC_set=
ac_cv_env_CC_value=
ac_cv_env_CFLAGS_set=
ac_cv_env_CFLAGS_value=
ac_cv_env_CPPFLAGS_set=
ac_cv_env_CPPFLAGS_value=
ac_cv_env_CPP_set=
ac_cv_env_CPP_value=
ac_cv_env_LDFLAGS_set=
ac_cv_env_LDFLAGS_value=
ac_cv_env_LIBS_set=
ac_cv_env_LIBS_value=
ac_cv_env_build_alias_set=
ac_cv_env_build_alias_value=
ac_cv_env_host_alias_set=
ac_cv_env_host_alias_value=
ac_cv_env_target_alias_set=
ac_cv_env_target_alias_value=
ac_cv_func_floor=yes
ac_cv_func_getcwd=yes
ac_cv_func_gettimeofday=yes
ac_cv_func_malloc_0_nonnull=yes
ac_cv_func_memset=yes
ac_cv_func_mkdir=yes
ac_cv_func_realloc_0_nonnull=yes
ac_cv_func_sqrt=yes
ac_cv_func_strchr=yes
ac_cv_func_strdup=yes
ac_cv_func_strrchr=yes
ac_cv_header_defs_h=no
ac_cv_header_dlfcn_h=yes
ac_cv_header_fcntl_h=yes
ac_cv_header_inttypes_h=yes
ac_cv_header_macros_h=no
ac_cv_header_memory_h=yes
ac_cv_header_metis_h=no
ac_cv_header_omp_h=yes
ac_cv_header_proto_h=no
ac_cv_header_rename_h=no
ac_cv_header_stdbool_h=yes
ac_cv_header_stdc=yes
ac_cv_header_stdint_h=yes
ac_cv_header_stdlib_h=yes
ac_cv_header_string_h=yes
ac_cv_header_strings_h=yes
ac_cv_header_struct_h=no
ac_cv_header_sys_stat_h=yes
ac_cv_header_sys_time_h=yes
ac_cv_header_sys_types_h=yes
ac_cv_header_unistd_h=yes
ac_cv_host=x86_64-unknown-linux-gnu
ac_cv_objext=o
ac_cv_path_EGREP='/usr/bin/grep -E'
ac_cv_path_FGREP='/usr/bin/grep -F'
ac_cv_path_GREP=/usr/bin/grep
ac_cv_path_SED=/usr/bin/sed
ac_cv_path_install='/usr/bin/install -c'
ac_cv_path_mkdir=/usr/bin/mkdir
ac_cv_prog_AWK=gawk
ac_cv_prog_CPP='gcc -E'
ac_cv_prog_ac_ct_AR=ar
ac_cv_prog_ac_ct_CC=gcc
ac_cv_prog_ac_ct_OBJDUMP=objdump
ac_cv_prog_ac_ct_RANLIB=ranlib
ac_cv_prog_ac_ct_STRIP=strip
ac_cv_prog_cc_c89=
ac_cv_prog_cc_g=yes
ac_cv_prog_make_make_set=yes
ac_cv_search_pow=-lm
ac_cv_type__Bool=yes
ac_cv_type_size_t=yes
am_cv_CC_dependencies_compiler_type=gcc3
am_cv_make_support_nested_variables=yes
am_cv_prog_cc_c_o=yes
lt_cv_ar_at_file=@
lt_cv_archive_cmds_need_lc=no
lt_cv_deplibs_check_method=pass_all
lt_cv_file_magic_cmd='$MAGIC_CMD'
lt_cv_file_magic_test_file=
lt_cv_ld_reload_flag=-r
lt_cv_nm_interface='BSD nm'
lt_cv_objdir=.libs
lt_cv_path_LD=/usr/bin/ld
lt_cv_path_NM='/usr/bin/nm -B'
lt_cv_path_mainfest_tool=no
lt_cv_prog_compiler_c_o=yes
lt_cv_prog_compiler_pic='-fPIC -DPIC'
lt_cv_prog_compiler_pic_works=yes
lt_cv_prog_compiler_rtti_exceptions=no
lt_cv_prog_compiler_static_works=no
lt_cv_prog_gnu_ld=yes
lt_cv_sharedlib_from_linklib_cmd='printf %s\n'
lt_cv_shlibpath_overrides_runpath=no
lt_cv_sys_global_symbol_pipe='sed -n -e '\''s/^.*[	 ]\([ABCDGIRSTW][ABCDGIRSTW]*\)[	 ][	 ]*\([_A-Za-z][_A-Za-z0-9]*\)$/\1 \2 \2/p'\'' | sed '\''/ __gnu_lto/d'\'''
lt_cv_sys_global_symbol_to_c_name_address='sed -n -e '\''s/^: \([^ ]*\)[ ]*$/  {\"\1\", (void *) 0},/p'\'' -e '\''s/^[ABCDGIRSTW]* \([^ ]*\) \([^ ]*\)$/  {"\2", (void *) \&\2},/p'\'''
lt_cv_sys_global_symbol_to_c_name_address_lib_prefix='sed -n -e '\''s/^: \([^ ]*\)[ ]*$/  {\"\1\", (void *) 0},/p'\'' -e '\''s/^[ABCDGIRSTW]* \([^ ]*\) \(lib[^ ]*\)$/  {"\2", (void *) \&\2},/p'\'' -e '\''s/^[ABCDGIRSTW]* \([^ ]*\) \([^ ]*\)$/  {"lib\2", (void *) \&\2},/p'\'''
lt_cv_sys_global_symbol_to_cdecl='sed -n -e '\''s/^T .* \(.*\)$/extern int \1();/p'\'' -e '\''s/^[ABCDGIRSTW]* .* \(.*\)$/extern char \1;/p'\'''
lt_cv_sys_max_cmd_len=1572864
lt_cv_to_host_file_cmd=func_convert_file_noop
lt_cv_to_tool_file_cmd=func_convert_file_noop

## ----------------- ##
## Output variables. ##
## ----------------- ##

ACLOCAL='${SHELL} /root/Founsure_1.0_0_test/build-aux/missing aclocal-1.14'
AMDEPBACKSLASH='\'
AMDEP_FALSE='#'
AMDEP_TRUE=''
AMTAR='$${TAR-tar}'
AM_BACKSLASH='\'
AM_DEFAULT_V='$(AM_DEFAULT_VERBOSITY)'
AM_DEFAULT_VERBOSITY='1'
AM_V='$(V)'
AR='ar'
AUTOCONF='${SHELL} /root/Founsure_1.0_0_test/build-aux/missing autoconf'
AUTOHEADER='${SHELL} /root/Founsure_1.0_0_test/build-aux/missing autoheader'
AUTOMAKE='${SHELL} /root/Founsure_1.0_0_test/build-aux/missing automake-1.14'
AWK='gawk'
CC='gcc'
CCDEPMODE='depmode=gcc3'
CFLAGS='-g -O2'
CPP='gcc -E'
CPPFLAGS=''
CYGPATH_W='echo'
DEFS='-DHAVE_CONFIG_H'
DEPDIR='.deps'
DLLTOOL='false'
DSYMUTIL=''
DUMPBIN=''
ECHO_C=''
ECHO_N='-n'
ECHO_T=''
EGREP='/usr/bin/grep -E'
EXEEXT=''
FGREP='/usr/bin/grep -F'
GREP='/usr/bin/grep'
INSTALL_DATA='${INSTALL} -m 644'
INSTALL_PROGRAM='${INSTALL}'
INSTALL_SCRIPT='${INSTALL}'
INSTALL_STRIP_PROGRAM='$(install_sh) -c -s'
LD='/usr/bin/ld -m elf_x86_64'
LDFLAGS=''
LIBOBJS=''
LIBS='-lm '
LIBTOOL='$(SHELL) $(top_builddir)/libtool'
LIPO=''
LN_S='ln -s'
LTLIBOBJS=''
MAKEINFO='${SHELL} /root/Founsure_1.0_0_test/build-aux/missing makeinfo'
MANIFEST_TOOL=':'
MKDIR_P='/usr/bin/mkdir -p'
NM='/usr/bin/nm -B'
NMEDIT=''
OBJDUMP='objdump'
OBJEXT='o'
OTOOL64=''
OTOOL=''
PACKAGE='founsure'
PACKAGE_BUGREPORT='arslans@mef.edu.tr'
PACKAGE_NAME='founsure'
PACKAGE_STRING='founsure 1.0'
PACKAGE_TARNAME='founsure'
PACKAGE_URL='http://suaybarslan.com/founsure'
PACKAGE_VERSION='1.0'
PATH_SEPARATOR=':'
RANLIB='ranlib'
SED='/usr/bin/sed'
SET_MAKE=''
SHELL='/bin/sh'
STRIP='strip'
VERSION='1.0'
ac_ct_AR='ar'
ac_ct_CC='gcc'
ac_ct_DUMPBIN=''
am__EXEEXT_FALSE=''
am__EXEEXT_TRUE='#'
am__fastdepCC_FALSE='#'
am__fastdepCC_TRUE=''
am__include='include'
am__isrc=''
am__leading_dot='.'
am__nodep='_no'
am__quote=''
am__tar='$${TAR-tar} chof - "$$tardir"'
am__untar='$${TAR-tar} xf -'
bindir='${exec_prefix}/bin'
build='x86_64-unknown-linux-gnu'
build_alias=''
build_cpu='x86_64'
build_os='linux-gnu'
build_vendor='unknown'
datadir='${datarootdir}'
datarootdir='${prefix}/share'
docdir='${datarootdir}/doc/${PACKAGE_TARNAME}'
dvidir='${docdir}'
exec_prefix='${prefix}'
host='x86_64-unknown-linux-gnu'
host_alias=''
host_cpu='x86_64'
host_os='linux-gnu'
host_vendor='unknown'
htmldir='${docdir}'
includedir='${prefix}/include'
infodir='${datarootdir}/info'
install_sh='${SHELL} /root/Founsure_1.0_0_test/build-aux/install-sh'
libdir='${exec_prefix}/lib'
libexecdir='${exec_prefix}/libexec'
localedir='${datarootdir}/locale'
localstatedir='${prefix}/var'
mandir='${datarootdir}/man'
mkdir_p='$(MKDIR_P)'
oldincludedir='/usr/include'
pdfdir='${docdir}'
prefix='/usr/local'
program_transform_name='s,x,x,'
psdir='${docdir}'
sbindir='${exec_prefix}/sbin'
sharedstatedir='${prefix}/com'
sysconfdir='${prefix}/etc'
target_alias=''

## ----------- ##
## confdefs.h. ##
## ----------- ##

/* confdefs.h */
#define PACKAGE_NAME "founsure"
#define PACKAGE_TARNAME "founsure"
#define PACKAGE_VERSION "1.0"
#define PACKAGE_STRING "founsure 1.0"
#define PACKAGE_BUGREPORT "arslans@mef.edu.tr"
#define PACKAGE_URL "http://suaybarslan.com/founsure"
#define PACKAGE "founsure"
#define VERSION "1.0"
#define STDC_HEADERS 1
#define HAVE_SYS_TYPES_H 1
#define HAVE_SYS_STAT_H 1
#define HAVE_STDLIB_H 1
#define HAVE_STRING_H 1
#define HAVE_MEMORY_H 1
#define HAVE_STRINGS_H 1
#define HAVE_INTTYPES_H 1
#define HAVE_STDINT_H 1
#define HAVE_UNISTD_H 1
#define HAVE_DLFCN_H 1
#define LT_OBJDIR ".libs/"
#define HAVE_FCNTL_H 1
#define HAVE_INTTYPES_H 1
#define HAVE_STDINT_H 1
#define HAVE_STDLIB_H 1
#define HAVE_STDBOOL_H 1
#define HAVE_STRING_H 1
#define HAVE_SYS_TIME_H 1
#define HAVE_UNISTD_H 1
#define HAVE_OMP_H 1
#define HAVE__BOOL 1
#define HAVE_STDLIB_H 1
#define HAVE_MALLOC 1
#define HAVE_STDLIB_H 1
#define HAVE_REALLOC 1
#define HAVE_FLOOR 1
#define HAVE_GETCWD 1
#define HAVE_GETTIMEOFDAY 1
#define HAVE_MEMSET 1
#define HAVE_MKDIR 1
#define HAVE_SQRT 1
#define HAVE_STRCHR 1
#define HAVE_STRDUP 1
#define HAVE_STRRCHR 1

configure: exit 0
